<?xml version="1.0" encoding="utf-8"?><testsuites name="pytest tests"><testsuite name="pytest" errors="0" failures="0" skipped="0" tests="18" time="3.715" timestamp="2026-01-21T20:05:43.883003+00:00" hostname="agent-env-71ee37ef-15c0-40ca-88eb-000cdb117826"><testcase classname="tests.test_backend_api.TestHealthCheck" name="test_health_endpoint" time="0.083" /><testcase classname="tests.test_backend_api.TestAuthEndpoints" name="test_login_success_admin" time="0.261" /><testcase classname="tests.test_backend_api.TestAuthEndpoints" name="test_login_invalid_credentials" time="0.042" /><testcase classname="tests.test_backend_api.TestAuthEndpoints" name="test_register_new_user" time="0.273" /><testcase classname="tests.test_backend_api.TestAuthEndpoints" name="test_register_duplicate_email" time="0.040" /><testcase classname="tests.test_backend_api.TestAuthEndpoints" name="test_get_me_with_token" time="0.312" /><testcase classname="tests.test_backend_api.TestAuthEndpoints" name="test_get_me_without_token" time="0.035" /><testcase classname="tests.test_backend_api.TestAuthEndpoints" name="test_logout" time="0.306" /><testcase classname="tests.test_backend_api.TestTradersEndpoints" name="test_get_traders" time="0.035" /><testcase classname="tests.test_backend_api.TestPlansEndpoints" name="test_get_plans" time="0.045" /><testcase classname="tests.test_backend_api.TestWalletsEndpoints" name="test_get_wallets" time="0.039" /><testcase classname="tests.test_backend_api.TestDashboardEndpoints" name="test_get_dashboard_stats" time="0.322" /><testcase classname="tests.test_backend_api.TestDashboardEndpoints" name="test_dashboard_stats_without_auth" time="0.077" /><testcase classname="tests.test_backend_api.TestAdminEndpoints" name="test_get_users_admin" time="0.298" /><testcase classname="tests.test_backend_api.TestAdminEndpoints" name="test_get_users_without_admin" time="0.037" /><testcase classname="tests.test_backend_api.TestAdminEndpoints" name="test_get_admin_stats" time="0.303" /><testcase classname="tests.test_backend_api.TestAdminEndpoints" name="test_get_transactions_admin" time="0.299" /><testcase classname="tests.test_backend_api.TestUserRegistrationFlow" name="test_full_registration_login_flow" time="0.652" /></testsuite></testsuites>